--- Logger Initialized ---
[2026-01-07 00:27:57.251] Application started. version: 0.1.1 (VSync Enabled)
[2026-01-07 00:27:57.255] High DPI awareness set.
[2026-01-07 00:27:57.257] WinRT apartment initialized.
[2026-01-07 00:27:57.257] Creating ScreenCapturer...
[2026-01-07 00:27:57.257] Initializing D3D11 device...
[2026-01-07 00:27:57.345] D3D11 device created.
[2026-01-07 00:27:57.345] Starting capture...
[2026-01-07 00:27:57.433] Capture item created. Size=2560x1600
[2026-01-07 00:27:57.433] Creating FramePool...
[2026-01-07 00:27:57.433] Creating CaptureSession...
[2026-01-07 00:27:57.441] Capture session started.
[2026-01-07 00:27:57.503] PreviewWindow::Show called.
[2026-01-07 00:27:57.505] HDR Info: SDR White Level=200.000000
[2026-01-07 00:27:57.505] Creating Win32 window...
[2026-01-07 00:27:57.510] WM_CREATE received.
[2026-01-07 00:27:57.526] Window created.
[2026-01-07 00:27:57.526] Initializing EGL...
[2026-01-07 00:27:57.541] EGL initialized.
[2026-01-07 00:27:57.541] Initializing GL...
[2026-01-07 00:27:57.549] GL initialized.
[2026-01-07 00:27:57.549] Entering message loop...
[2026-01-07 00:27:57.581] WM_LBUTTONDOWN x=782 y=638
[2026-01-07 00:28:02.171] WM_LBUTTONUP
[2026-01-07 00:28:02.172] Heartbeat - Running. Frame: 0
